7 Apr 2024 20:49:50 GMT [ERROR] Socket not connected
7 Apr 2024 20:49:50 GMT [ERROR] A connection attempt failed because the connected party did not properly respond after a period of time, or established connection failed because connected host has failed to respond
ite(NioSocketImpl.java:366)
7 Apr 2024 20:37:12 GMT [ERROR] 	at java.base/sun.nio.ch.NioSocketImpl.implWrite(NioSocketImpl.java:411)
7 Apr 2024 20:37:12 GMT [ERROR] 	at java.base/sun.nio.ch.NioSocketImpl.write(NioSocketImpl.java:440)
7 Apr 2024 20:37:12 GMT [ERROR] 	at java.base/sun.nio.ch.NioSocketImpl$2.write(NioSocketImpl.java:826)
7 Apr 2024 20:37:12 GMT [ERROR] 	at java.base/java.net.Socket$SocketOutputStream.write(Socket.java:1035)
7 Apr 2024 20:37:12 GMT [ERROR] 	at java.base/java.io.ObjectOutputStream$BlockDataOutputStream.drain(ObjectOutputStream.java:1896)
7 Apr 2024 20:37:12 GMT [ERROR] 	at java.base/java.io.ObjectOutputStream$BlockDataOutputStream.setBlockDataMode(ObjectOutputStream.java:1805)
7 Apr 2024 20:37:12 GMT [ERROR] 	at java.base/java.io.ObjectOutputStream.writeNonProxyDesc(ObjectOutputStream.java:1299)
7 Apr 2024 20:37:12 GMT [ERROR] 	at java.base/java.io.ObjectOutputStream.writeClassDesc(ObjectOutputStream.java:1244)
7 Apr 2024 20:37:12 GMT [ERROR] 	at java.base/java.io.ObjectOutputStream.writeOrdinaryObject(ObjectOutputStream.java:1440)
7 Apr 2024 20:37:12 GMT [ERROR] 	at java.base/java.io.ObjectOutputStream.writeObject0(ObjectOutputStream.java:1191)
7 Apr 2024 20:37:12 GMT [ERROR] 	at java.base/java.io.ObjectOutputStream.writeFatalException(ObjectOutputStream.java:1612)
7 Apr 2024 20:37:12 GMT [ERROR] 	at java.base/java.io.ObjectOutputStream.writeObject(ObjectOutputStream.java:357)
7 Apr 2024 20:37:12 GMT [ERROR] 	at me.redstoner2019.serverhandling.ClientHandler$1.run(ClientHandler.java:91)
7 Apr 2024 20:37:12 GMT [ERROR] 	at java.base/java.lang.Thread.run(Thread.java:833)
7 Apr 2024 20:37:25 GMT [ERROR] java.net.SocketException: Socket closed
7 Apr 2024 20:37:25 GMT [ERROR] 	at java.base/sun.nio.ch.NioSocketImpl.ensureOpenAndConnected(NioSocketImpl.java:165)
7 Apr 2024 20:37:25 GMT [ERROR] 	at java.base/sun.nio.ch.NioSocketImpl.beginWrite(NioSocketImpl.java:366)
7 Apr 2024 20:37:25 GMT [ERROR] 	at java.base/sun.nio.ch.NioSocketImpl.implWrite(NioSocketImpl.java:411)
7 Apr 2024 20:37:25 GMT [ERROR] 	at java.base/sun.nio.ch.NioSocketImpl.write(NioSocketImpl.java:440)
7 Apr 2024 20:37:25 GMT [ERROR] 	at java.base/sun.nio.ch.NioSocketImpl$2.write(NioSocketImpl.java:826)
7 Apr 2024 20:37:25 GMT [ERROR] 	at java.base/java.net.Socket$SocketOutputStream.write(Socket.java:1035)
7 Apr 2024 20:37:25 GMT [ERROR] 	at java.base/java.io.ObjectOutputStream$BlockDataOutputStream.drain(ObjectOutputStream.java:1896)
7 Apr 2024 20:37:25 GMT [ERROR] 	at java.base/java.io.ObjectOutputStream$BlockDataOutputStream.setBlockDataMode(ObjectOutputStream.java:1805)
7 Apr 2024 20:37:25 GMT [ERROR] 	at java.base/java.io.ObjectOutputStream.writeNonProxyDesc(ObjectOutputStream.java:1299)
7 Apr 2024 20:37:25 GMT [ERROR] 	at java.base/java.io.ObjectOutputStream.writeClassDesc(ObjectOutputStream.java:1244)
7 Apr 2024 20:37:25 GMT [ERROR] 	at java.base/java.io.ObjectOutputStream.writeOrdinaryObject(ObjectOutputStream.java:1440)
7 Apr 2024 20:37:25 GMT [ERROR] 	at java.base/java.io.ObjectOutputStream.writeObject0(ObjectOutputStream.java:1191)
7 Apr 2024 20:37:25 GMT [ERROR] 	at java.base/java.io.ObjectOutputStream.writeFatalException(ObjectOutputStream.java:1612)
7 Apr 2024 20:37:25 GMT [ERROR] 	at java.base/java.io.ObjectOutputStream.writeObject(ObjectOutputStream.java:357)
7 Apr 2024 20:37:25 GMT [ERROR] 	at me.redstoner2019.serverhandling.ClientHandler$1.run(ClientHandler.java:91)
7 Apr 2024 20:37:25 GMT [ERROR] 	at java.base/java.lang.Thread.run(Thread.java:833)
