10 Apr 2024 07:35:48 GMT [ERROR] Socket not connected
10 Apr 2024 07:35:48 GMT [ERROR] Connection reset
10 Apr 2024 07:35:49 GMT [ERROR] java.net.SocketException: Socket closed
10 Apr 2024 07:35:49 GMT [ERROR] 	at java.base/sun.nio.ch.NioSocketImpl.ensureOpenAndConnected(NioSocketImpl.java:163)
10 Apr 2024 07:35:49 GMT [ERROR] 	at java.base/sun.nio.ch.NioSocketImpl.beginWrite(NioSocketImpl.java:361)
10 Apr 2024 07:35:49 GMT [ERROR] 	at java.base/sun.nio.ch.NioSocketImpl.implWrite(NioSocketImpl.java:406)
10 Apr 2024 07:35:49 GMT [ERROR] 	at java.base/sun.nio.ch.NioSocketImpl.write(NioSocketImpl.java:438)
10 Apr 2024 07:35:49 GMT [ERROR] 	at java.base/sun.nio.ch.NioSocketImpl$2.write(NioSocketImpl.java:817)
10 Apr 2024 07:35:49 GMT [ERROR] 	at java.base/java.net.Socket$SocketOutputStream.write(Socket.java:1120)
10 Apr 2024 07:35:49 GMT [ERROR] 	at java.base/java.io.ObjectOutputStream$BlockDataOutputStream.drain(ObjectOutputStream.java:1895)
10 Apr 2024 07:35:49 GMT [ERROR] 	at java.base/java.io.ObjectOutputStream$BlockDataOutputStream.setBlockDataMode(ObjectOutputStream.java:1804)
10 Apr 2024 07:35:49 GMT [ERROR] 	at java.base/java.io.ObjectOutputStream.writeNonProxyDesc(ObjectOutputStream.java:1298)
10 Apr 2024 07:35:49 GMT [ERROR] 	at java.base/java.io.ObjectOutputStream.writeClassDesc(ObjectOutputStream.java:1243)
10 Apr 2024 07:35:49 GMT [ERROR] 	at java.base/java.io.ObjectOutputStream.writeOrdinaryObject(ObjectOutputStream.java:1439)
10 Apr 2024 07:35:49 GMT [ERROR] 	at java.base/java.io.ObjectOutputStream.writeObject0(ObjectOutputStream.java:1190)
10 Apr 2024 07:35:49 GMT [ERROR] 	at java.base/java.io.ObjectOutputStream.writeFatalException(ObjectOutputStream.java:1611)
10 Apr 2024 07:35:49 GMT [ERROR] 	at java.base/java.io.ObjectOutputStream.writeObject(ObjectOutputStream.java:358)
10 Apr 2024 07:35:49 GMT [ERROR] 	at me.redstoner2019.serverhandling.Client$2.run(Client.java:145)
10 Apr 2024 07:35:49 GMT [ERROR] 	at java.base/java.lang.Thread.run(Thread.java:1623)
10 Apr 2024 07:38:13 GMT [ERROR] Socket not connected
10 Apr 2024 07:38:13 GMT [ERROR] Connection reset
10 Apr 2024 07:38:14 GMT [ERROR] java.net.SocketException: Socket closed
10 Apr 2024 07:38:14 GMT [ERROR] 	at java.base/sun.nio.ch.NioSocketImpl.ensureOpenAndConnected(NioSocketImpl.java:163)
10 Apr 2024 07:38:14 GMT [ERROR] 	at java.base/sun.nio.ch.NioSocketImpl.beginWrite(NioSocketImpl.java:361)
10 Apr 2024 07:38:14 GMT [ERROR] 	at java.base/sun.nio.ch.NioSocketImpl.implWrite(NioSocketImpl.java:406)
10 Apr 2024 07:38:14 GMT [ERROR] 	at java.base/sun.nio.ch.NioSocketImpl.write(NioSocketImpl.java:438)
10 Apr 2024 07:38:14 GMT [ERROR] 	at java.base/sun.nio.ch.NioSocketImpl$2.write(NioSocketImpl.java:817)
10 Apr 2024 07:38:14 GMT [ERROR] 	at java.base/java.net.Socket$SocketOutputStream.write(Socket.java:1120)
10 Apr 2024 07:38:14 GMT [ERROR] 	at java.base/java.io.ObjectOutputStream$BlockDataOutputStream.drain(ObjectOutputStream.java:1895)
10 Apr 2024 07:38:14 GMT [ERROR] 	at java.base/java.io.ObjectOutputStream$BlockDataOutputStream.setBlockDataMode(ObjectOutputStream.java:1804)
10 Apr 2024 07:38:14 GMT [ERROR] 	at java.base/java.io.ObjectOutputStream.writeNonProxyDesc(ObjectOutputStream.java:1298)
10 Apr 2024 07:38:14 GMT [ERROR] 	at java.base/java.io.ObjectOutputStream.writeClassDesc(ObjectOutputStream.java:1243)
10 Apr 2024 07:38:14 GMT [ERROR] 	at java.base/java.io.ObjectOutputStream.writeOrdinaryObject(ObjectOutputStream.java:1439)
10 Apr 2024 07:38:14 GMT [ERROR] 	at java.base/java.io.ObjectOutputStream.writeObject0(ObjectOutputStream.java:1190)
10 Apr 2024 07:38:14 GMT [ERROR] 	at java.base/java.io.ObjectOutputStream.writeFatalException(ObjectOutputStream.java:1611)
10 Apr 2024 07:38:14 GMT [ERROR] 	at java.base/java.io.ObjectOutputStream.writeObject(ObjectOutputStream.java:358)
10 Apr 2024 07:38:14 GMT [ERROR] 	at me.redstoner2019.serverhandling.Client$2.run(Client.java:145)
10 Apr 2024 07:38:14 GMT [ERROR] 	at java.base/java.lang.Thread.run(Thread.java:1623)
10 Apr 2024 07:44:18 GMT [ERROR] Socket not connected
10 Apr 2024 07:44:18 GMT [ERROR] Socket closed
10 Apr 2024 07:44:21 GMT [ERROR] java.net.SocketException: Socket closed
10 Apr 2024 07:44:21 GMT [ERROR] 	at java.base/sun.nio.ch.NioSocketImpl.ensureOpenAndConnected(NioSocketImpl.java:163)
10 Apr 2024 07:44:21 GMT [ERROR] 	at java.base/sun.nio.ch.NioSocketImpl.beginWrite(NioSocketImpl.java:361)
10 Apr 2024 07:44:21 GMT [ERROR] 	at java.base/sun.nio.ch.NioSocketImpl.implWrite(NioSocketImpl.java:406)
10 Apr 2024 07:44:21 GMT [ERROR] 	at java.base/sun.nio.ch.NioSocketImpl.write(NioSocketImpl.java:438)
10 Apr 2024 07:44:21 GMT [ERROR] 	at java.base/sun.nio.ch.NioSocketImpl$2.write(NioSocketImpl.java:817)
10 Apr 2024 07:44:21 GMT [ERROR] 	at java.base/java.net.Socket$SocketOutputStream.write(Socket.java:1120)
10 Apr 2024 07:44:21 GMT [ERROR] 	at java.base/java.io.ObjectOutputStream$BlockDataOutputStream.drain(ObjectOutputStream.java:1895)
10 Apr 2024 07:44:21 GMT [ERROR] 	at java.base/java.io.ObjectOutputStream$BlockDataOutputStream.setBlockDataMode(ObjectOutputStream.java:1804)
10 Apr 2024 07:44:21 GMT [ERROR] 	at java.base/java.io.ObjectOutputStream.writeNonProxyDesc(ObjectOutputStream.java:1298)
10 Apr 2024 07:44:21 GMT [ERROR] 	at java.base/java.io.ObjectOutputStream.writeClassDesc(ObjectOutputStream.java:1243)
10 Apr 2024 07:44:21 GMT [ERROR] 	at java.base/java.io.ObjectOutputStream.writeOrdinaryObject(ObjectOutputStream.java:1439)
10 Apr 2024 07:44:21 GMT [ERROR] 	at java.base/java.io.ObjectOutputStream.writeObject0(ObjectOutputStream.java:1190)
10 Apr 2024 07:44:21 GMT [ERROR] 	at java.base/java.io.ObjectOutputStream.writeFatalException(ObjectOutputStream.java:1611)
10 Apr 2024 07:44:21 GMT [ERROR] 	at java.base/java.io.ObjectOutputStream.writeObject(ObjectOutputStream.java:358)
10 Apr 2024 07:44:21 GMT [ERROR] 	at me.redstoner2019.serverhandling.Client$2.run(Client.java:145)
10 Apr 2024 07:44:21 GMT [ERROR] 	at java.base/java.lang.Thread.run(Thread.java:1623)
