23 Apr 2024 21:28:03 GMT [INFO]  Init complete
23 Apr 2024 21:28:03 GMT [INFO]  0 -> took 236 ms
23 Apr 2024 21:28:03 GMT [INFO]  jar:file:/C:/Users/lukas/IdeaProjects/UNO_NEW/out/artifacts/UNO_jar/UNO_CLIENT.jar!/textures/texture.png
23 Apr 2024 21:28:03 GMT [INFO]  Loading texture
23 Apr 2024 21:28:03 GMT [INFO]  Loaded texture
23 Apr 2024 21:28:03 GMT [INFO]  1 -> took 164 ms
23 Apr 2024 21:28:03 GMT [INFO]  Textures loaded
23 Apr 2024 21:28:03 GMT [INFO]  2 -> took 4 ms
23 Apr 2024 21:28:03 GMT [INFO]  3 -> took 2 ms
23 Apr 2024 21:28:03 GMT [INFO]  4 -> took 5 ms
23 Apr 2024 21:28:03 GMT [INFO]  5 -> took 27 ms
23 Apr 2024 21:28:03 GMT [INFO]  6 -> took 25 ms
23 Apr 2024 21:28:03 GMT [INFO]  7 -> took 5 ms
23 Apr 2024 21:28:03 GMT [INFO]  8 -> took 9 ms
23 Apr 2024 21:28:03 GMT [INFO]  9 -> took 100 ms
23 Apr 2024 21:28:03 GMT [INFO]  10 -> took 1 ms
23 Apr 2024 21:28:03 GMT [INFO]  11 -> took 20 ms
23 Apr 2024 21:28:03 GMT [INFO]  12 -> took 0 ms
23 Apr 2024 21:28:03 GMT [INFO]  Started sender
23 Apr 2024 21:28:03 GMT [INFO]  13 -> took 71 ms
